"C:/Users/BOMBZ/Documents/Unreal Projects/Cyberpunk_Characters/Content/Cyberpunk_Characters/Female/Textures/ARM__Norm_1024.uasset" 0
"C:/Users/BOMBZ/Documents/Unreal Projects/Cyberpunk_Characters/Content/Cyberpunk_Characters/Female/Textures/HED_Mask2.uasset" 1
"C:/Users/BOMBZ/Documents/Unreal Projects/Cyberpunk_Characters/Content/Cyberpunk_Characters/Female/Textures/HGR_Diff.uasset" 2
"C:/Users/BOMBZ/Documents/Unreal Projects/Cyberpunk_Characters/Content/Cyberpunk_Characters/Female/Textures/HGR_Norm.uasset" 3
"C:/Users/BOMBZ/Documents/Unreal Projects/Cyberpunk_Characters/Content/Cyberpunk_Characters/Female/Textures/Map__11_Normal_Bump.uasset" 4
"C:/Users/BOMBZ/Documents/Unreal Projects/Cyberpunk_Characters/Content/Cyberpunk_Characters/Male/Character/lambert2.uasset" 5
"C:/Users/BOMBZ/Documents/Unreal Projects/Cyberpunk_Characters/Content/Cyberpunk_Characters/Male/Character/lambert3.uasset" 6
"C:/Users/BOMBZ/Documents/Unreal Projects/Cyberpunk_Characters/Content/Cyberpunk_Characters/Male/Character/lambert5.uasset" 7
"C:/Users/BOMBZ/Documents/Unreal Projects/Cyberpunk_Characters/Content/Cyberpunk_Characters/Male/Character/lambert6.uasset" 8
"C:/Users/BOMBZ/Documents/Unreal Projects/Cyberpunk_Characters/Content/Cyberpunk_Characters/Male/Character/lambert7.uasset" 9
"../../../Engine/Content/Animation/DefaultAnimCurveCompressionSettings.uasset" 10
"../../../Engine/Content/Functions/Engine_MaterialFunctions01/Opacity/CameraDepthFade.uasset" 11
"../../../Engine/Content/EngineMaterials/T_Default_Material_Grid_M.uasset" 12
"../../../Engine/Content/EngineMaterials/T_Default_Material_Grid_N.uasset" 13
"../../../Engine/Content/EngineMaterials/WorldGridMaterial.uasset" 14
"../../../Engine/Content/ArtTools/RenderToTexture/Meshes/S_1_Unit_Plane.uasset" 15
"../../../Engine/Content/EngineMaterials/DefaultMaterial.uasset" 16
"../../../Engine/Content/BasicShapes/Cone.uasset" 17
"../../../Engine/Content/BasicShapes/Cylinder.uasset" 18
"../../../Engine/Content/BasicShapes/Plane.uasset" 19
"../../../Engine/Content/EditorLandscapeResources/DataLayer.uasset" 20
"../../../Engine/Content/EditorMaterials/MAT_Groups_Toggle.uasset" 21
"../../../Engine/Content/EditorMaterials/MAT_Groups_Visibility.uasset" 22
"../../../Engine/Content/EditorMaterials/PreviewShadowIndicator.uasset" 23
"../../../Engine/Content/EditorMaterials/PreviewShadowIndicatorMaterial.uasset" 24
"../../../Engine/Content/EditorMaterials/MatineeGroups/MAT_ColorTrack.uasset" 25
"../../../Engine/Content/EditorMaterials/MatineeGroups/MAT_Groups_Anim.uasset" 26
"../../../Engine/Content/EditorMaterials/MatineeGroups/MAT_Groups_AudioMaster.uasset" 27
"../../../Engine/Content/EditorMaterials/MatineeGroups/MAT_Groups_Director.uasset" 28
"../../../Engine/Content/EditorMaterials/MatineeGroups/MAT_Groups_Event.uasset" 29
"../../../Engine/Content/EditorMaterials/MatineeGroups/MAT_Groups_Fade.uasset" 30
"../../../Engine/Content/EditorMaterials/MatineeGroups/MAT_Groups_Float.uasset" 31
"../../../Engine/Content/EditorMaterials/MatineeGroups/MAT_Groups_Move.uasset" 32
"../../../Engine/Content/EditorMaterials/MatineeGroups/MAT_Groups_Slomo.uasset" 33
"../../../Engine/Content/EditorMaterials/MatineeGroups/MAT_Groups_Sound.uasset" 34
"../../../Engine/Content/EditorMaterials/MatineeGroups/MAT_Groups_Vector.uasset" 35
"../../../Engine/Content/EditorMaterials/ParticleSystems/PSysThumbnail_NoImage.uasset" 36
"../../../Engine/Content/EditorMaterials/ParticleSystems/PSysThumbnail_OOD.uasset" 37
"../../../Engine/Content/EditorMaterials/Camera/CineMat.uasset" 38
"../../../Engine/Content/EditorMaterials/Camera/MI_CineMat_Rig.uasset" 39
"../../../Engine/Content/EditorMeshes/Camera/SM_CraneRig_Arm.uasset" 40
"../../../Engine/Content/EditorMeshes/Camera/SM_CraneRig_Base.uasset" 41
"../../../Engine/Content/EditorMeshes/Camera/SM_CraneRig_Body.uasset" 42
"../../../Engine/Content/EditorMeshes/Camera/SM_CraneRig_Mount.uasset" 43
"../../../Engine/Content/EditorMeshes/Camera/SM_RailRig_Mount.uasset" 44
"../../../Engine/Content/EditorMeshes/Camera/SM_RailRig_Track.uasset" 45
"../../../Engine/Content/EditorResources/BSPVertex.uasset" 46
"../../../Engine/Content/EditorResources/EmptyActor.uasset" 47
"../../../Engine/Content/EditorResources/S_Actor.uasset" 48
"../../../Engine/Content/EditorResources/S_Note.uasset" 49
"../../../Engine/Content/EditorResources/S_Solver.uasset" 50
"../../../Engine/Content/EditorResources/S_Trigger.uasset" 51
"../../../Engine/Content/EditorResources/LightIcons/S_LightError.uasset" 52
"../../../Engine/Content/EditorResources/SequenceRecorder/Countdown.uasset" 53
"../../../Engine/Content/EditorResources/SequenceRecorder/RecordingIndicator.uasset" 54
"../../../Engine/Content/EditorSounds/Notifications/CompileFailed.uasset" 55
"../../../Engine/Content/EditorSounds/Notifications/CompileFailed_Cue.uasset" 56
"../../../Engine/Content/EditorSounds/Notifications/CompileSuccess.uasset" 57
"../../../Engine/Content/EditorSounds/Notifications/CompileStart_Cue.uasset" 58
"../../../Engine/Content/EditorSounds/Notifications/CompileSuccess_Cue.uasset" 59
"../../../Engine/Content/EngineDamageTypes/DmgTypeBP_Environmental.uasset" 60
"../../../Engine/Content/EngineDebugMaterials/DebugEditorMaterial.uasset" 61
"../../../Engine/Content/EngineDebugMaterials/DebugMeshMaterial.uasset" 62
"../../../Engine/Content/EngineDebugMaterials/M_SimpleUnlitTranslucent.uasset" 63
"../../../Engine/Content/Functions/Engine_MaterialFunctions02/Utility/CameraDirectionVector.uasset" 64
"../../../Engine/Content/EngineDebugMaterials/VolumeToRender.uasset" 65
"../../../Engine/Content/EngineDebugMaterials/M_VolumeRenderSphereTracePP.uasset" 66
"../../../Engine/Content/EngineDebugMaterials/WireframeMaterial.uasset" 67
"../../../Engine/Content/EngineFonts/Faces/DroidSansFallback.uasset" 68
"../../../Engine/Content/EngineFonts/Faces/RobotoBold.uasset" 69
"../../../Engine/Content/EngineFonts/Faces/RobotoBoldItalic.uasset" 70
"../../../Engine/Content/EngineFonts/Faces/RobotoItalic.uasset" 71
"../../../Engine/Content/EngineFonts/Faces/RobotoLight.uasset" 72
"../../../Engine/Content/EngineFonts/Faces/RobotoRegular.uasset" 73
"../../../Engine/Content/EngineFonts/Roboto.uasset" 74
"../../../Engine/Content/EngineMaterials/BaseFlattenDiffuseMap.uasset" 75
"../../../Engine/Content/EngineMaterials/BaseFlattenEmissiveMap.uasset" 76
"../../../Engine/Content/EngineMaterials/BaseFlattenGrayscaleMap.uasset" 77
"../../../Engine/Content/EngineMaterials/BaseFlattenNormalMap.uasset" 78
"../../../Engine/Content/EngineMaterials/BaseFlattenMaterial.uasset" 79
"../../../Engine/Content/EngineMaterials/BlueNoise.uasset" 80
"../../../Engine/Content/EngineMaterials/DefaultBloomKernel.uasset" 81
"../../../Engine/Content/EngineMaterials/DefaultBokeh.uasset" 82
"../../../Engine/Content/EngineMaterials/DefaultDiffuse.uasset" 83
"../../../Engine/Content/EngineMaterials/DefaultDeferredDecalMaterial.uasset" 84
"../../../Engine/Content/EngineMaterials/DefaultLightFunctionMaterial.uasset" 85
"../../../Engine/Content/EngineMaterials/DefaultPhysicalMaterial.uasset" 86
"../../../Engine/Content/Functions/Engine_MaterialFunctions02/Utility/BreakOutFloat2Components.uasset" 87
"../../../Engine/Content/EngineMaterials/DefaultPostProcessMaterial.uasset" 88
"../../../Engine/Content/EngineFonts/RobotoDistanceField.uasset" 89
"../../../Engine/Content/EngineMaterials/DefaultTextMaterialOpaque.uasset" 90
"../../../Engine/Content/EngineMaterials/DefaultWhiteGrid.uasset" 91
"../../../Engine/Content/EngineMaterials/DefaultWhiteGrid_Low.uasset" 92
"../../../Engine/Content/EngineMaterials/EmissiveMeshMaterial.uasset" 93
"../../../Engine/Content/EngineMaterials/GizmoMaterial.uasset" 94
"../../../Engine/Content/EngineMaterials/Good64x64TilingNoiseHighFreq.uasset" 95
"../../../Engine/Content/EngineMaterials/MiniFont.uasset" 96
"../../../Engine/Content/EngineMaterials/InvalidLightmapSettings.uasset" 97
"../../../Engine/Content/EngineMaterials/M_InvalidLightmapSettings.uasset" 98
"../../../Engine/Content/Functions/Engine_MaterialFunctions02/WorldPositionOffset/CameraOffset.uasset" 99
"../../../Engine/Content/EngineMaterials/PhAT_JointLimitMaterial.uasset" 100
"../../../Engine/Content/EngineMaterials/PreintegratedSkinBRDF.uasset" 101
"../../../Engine/Content/EngineMaterials/RemoveSurfaceMaterial.uasset" 102
"../../../Engine/Content/EngineMaterials/WeightMapPlaceholderTexture.uasset" 103
"../../../Engine/Content/EngineResources/WhiteSquareTexture.uasset" 104
"../../../Engine/Content/EngineMaterials/Widget3DPassThrough.uasset" 105
"../../../Engine/Content/EngineMaterials/Widget3DPassThrough_Masked.uasset" 106
"../../../Engine/Content/EngineMaterials/Widget3DPassThrough_Opaque.uasset" 107
"../../../Engine/Content/EngineMaterials/Widget3DPassThrough_Masked_OneSided.uasset" 108
"../../../Engine/Content/EngineMaterials/Widget3DPassThrough_Opaque_OneSided.uasset" 109
"../../../Engine/Content/EngineMaterials/Widget3DPassThrough_Translucent.uasset" 110
"../../../Engine/Content/EngineMaterials/Widget3DPassThrough_Translucent_OneSided.uasset" 111
"../../../Engine/Content/EngineMeshes/Cylinder.uasset" 112
"../../../Engine/Content/EngineMeshes/Sphere.uasset" 113
"../../../Engine/Content/EngineResources/Black.uasset" 114
"../../../Engine/Content/EngineResources/DefaultTexture.uasset" 115
"../../../Engine/Content/EngineResources/DefaultTextureCube.uasset" 116
"../../../Engine/Content/EngineResources/DefaultVolumeTexture2D.uasset" 117
"../../../Engine/Content/EngineResources/DefaultVolumeTexture.uasset" 118
"../../../Engine/Content/EngineResources/GradientTexture0.uasset" 119
"../../../Engine/Content/EngineSounds/Master.uasset" 120
"../../../Engine/Content/Functions/Engine_MaterialFunctions01/Shading/ConvertFromDiffSpec.uasset" 121
"../../../Engine/Content/Functions/Engine_MaterialFunctions01/Shading/PowerToRoughness.uasset" 122
"../../../Engine/Content/Maps/Templates/Thumbnails/Default.uasset" 123
"../../../Engine/Content/Maps/Templates/Thumbnails/TimeOfDay.uasset" 124
"../../../Engine/Content/Maps/Templates/Thumbnails/VR-Basic.uasset" 125
"../../../Engine/Content/MobileResources/T_MobileControls_texture.uasset" 126
"../../../Engine/Content/MobileResources/T_MobileMenu2.uasset" 127
"../../../Engine/Content/MobileResources/HUD/AnalogHat.uasset" 128
"../../../Engine/Content/MobileResources/HUD/VirtualJoystick_Background.uasset" 129
"../../../Engine/Content/MobileResources/HUD/VirtualJoystick_Thumb.uasset" 130
"../../../Engine/Content/MobileResources/HUD/DefaultVirtualJoysticks.uasset" 131
"../../../Engine/Content/MobileResources/HUD/LeftVirtualJoystickOnly.uasset" 132
"../../../Engine/Content/MobileResources/HUD/MobileHUDButton1_off.uasset" 133
"../../../Engine/Content/MobileResources/HUD/MobileHUDButton1_on.uasset" 134
"../../../Engine/Content/MobileResources/HUD/MobileHUDButton2_off.uasset" 135
"../../../Engine/Content/MobileResources/HUD/MobileHUDButton2_on.uasset" 136
"../../../Engine/Content/MobileResources/HUD/MobileHUDButton3.uasset" 137
"../../../Engine/Content/MobileResources/HUD/MobileHUDButtonFire.uasset" 138
"../../../Engine/Content/MobileResources/HUD/MobileHUDDirectionPad.uasset" 139
"../../../Engine/Content/MobileResources/HUD/MobileHUDDirectionPad2.uasset" 140
"../../../Engine/Content/MobileResources/HUD/MobileHUDDirectionPad3.uasset" 141
"../../../Engine/Content/MobileResources/HUD/MobileHUDDirectionStick.uasset" 142
"../../../Engine/Content/MobileResources/HUD/T_Castle_ThumbstickInner.uasset" 143
"../../../Engine/Content/MobileResources/HUD/T_Castle_ThumbstickOutter.uasset" 144
"../../../Engine/Content/Tutorial/ContentIntroCurve.uasset" 145
"../../../Engine/Content/Tutorial/Basics/LevelEditorAttract.uasset" 146
"../../../Engine/Content/Tutorial/Basics/TutorialAssets/icon_tab_Levels_40x.uasset" 147
"../../../Engine/Content/Tutorial/Basics/LevelEditorOverview.uasset" 148
"../../../Engine/Content/VREditor/LaserPointer/VR_LaserPower_01.uasset" 149
"../../../Engine/Content/VREditor/TransformGizmo/TransformGizmoMaterial.uasset" 150
"../../../Engine/Content/VREditor/TransformGizmo/TranslucentTransformGizmoMaterial.uasset" 151
"../../../Engine/Content/VREditor/TransformGizmo/BoundingBoxCorner.uasset" 152
"../../../Engine/Content/VREditor/TransformGizmo/BoundingBoxEdge.uasset" 153
"../../../Engine/Content/VREditor/TransformGizmo/PlaneTranslationHandle.uasset" 154
"../../../Engine/Content/VREditor/TransformGizmo/Main.uasset" 155
"../../../Engine/Content/VREditor/TransformGizmo/Xray.uasset" 156
"../../../Engine/Content/VREditor/TransformGizmo/SM_Sequencer_Key.uasset" 157
"../../../Engine/Content/VREditor/TransformGizmo/SM_Sequencer_Node.uasset" 158
"../../Plugins/2D/Paper2D/Content/PlaceholderTextures/DummySpriteTexture.uasset" 159
"../../Plugins/2D/Paper2D/Content/DummySprite.uasset" 160
"../../Plugins/2D/Paper2D/Content/DefaultPaperTerrainMaterial.uasset" 161
"../../Plugins/2D/Paper2D/Content/DefaultSpriteMaterial.uasset" 162
"../../Plugins/2D/Paper2D/Content/MaskedUnlitSpriteMaterial.uasset" 163
"../../Plugins/2D/Paper2D/Content/OpaqueUnlitSpriteMaterial.uasset" 164
"../../Plugins/FX/Niagara/Content/Enums/ENiagaraBooleanLogicOps.uasset" 165
"../../Plugins/FX/Niagara/Content/Enums/ENiagaraCoordinateSpace.uasset" 166
"../../Plugins/FX/Niagara/Content/Enums/ENiagaraExpansionMode.uasset" 167
"../../Plugins/FX/Niagara/Content/Enums/ENiagaraOrientationAxis.uasset" 168
"../../Plugins/FX/Niagara/Content/Enums/ENiagaraRandomnessMode.uasset" 169
"../../../Engine/Content/Functions/Engine_MaterialFunctions02/Utility/BreakOutFloat4Components.uasset" 170
"../../../Engine/Content/Functions/Engine_MaterialFunctions02/Utility/MakeFloat2.uasset" 171
"../../../Engine/Content/Functions/Engine_MaterialFunctions02/Utility/MakeFloat3.uasset" 172
"../../Plugins/Runtime/Oculus/OculusVR/Content/Materials/OculusMR_ChromaKey.uasset" 173
"../../Plugins/Runtime/Oculus/OculusVR/Content/Materials/OculusMR_ChromaKey_Lit.uasset" 174
"../../Plugins/Runtime/Oculus/OculusVR/Content/Materials/OculusMR_OpaqueColoredMaterial.uasset" 175
"../../Plugins/Runtime/Oculus/OculusVR/Content/Materials/OculusMR_WhiteMaterial.uasset" 176
"../../../Engine/Content/EditorBlueprintResources/StandardMacros.uasset" 177
"../../../Engine/Content/EngineSky/C_Sky_Cloud_Color.uasset" 178
"../../../Engine/Content/EngineSky/C_Sky_Horizon_Color.uasset" 179
"../../../Engine/Content/EngineSky/C_Sky_Zenith_Color.uasset" 180
"../../../Engine/Content/EngineSky/T_Sky_Blue.uasset" 181
"../../../Engine/Content/EngineSky/T_Sky_Clouds_M.uasset" 182
"../../../Engine/Content/EngineSky/T_Sky_Stars.uasset" 183
"../../../Engine/Content/EngineSky/M_Sky_Panning_Clouds2.uasset" 184
"../../../Engine/Content/EngineSky/SM_SkySphere.uasset" 185
"../../../Engine/Content/EngineSky/BP_Sky_Sphere.uasset" 186
"C:/Users/BOMBZ/Documents/Unreal Projects/Cyberpunk_Characters/Content/Cyberpunk_Characters/Overview_BuiltData.uasset" 187
"../../../Engine/Content/BasicShapes/BasicShapeMaterial.uasset" 188
"../../../Engine/Content/BasicShapes/Cube.uasset" 189
"../../../Engine/Content/BasicShapes/Sphere.uasset" 190
"../../../Engine/Content/MapTemplates/SM_Template_Map_Floor.uasset" 191
"C:/Users/BOMBZ/Documents/Unreal Projects/Cyberpunk_Characters/Content/Cyberpunk_Characters/Female/Textures/ARM_Diff.uasset" 192
"C:/Users/BOMBZ/Documents/Unreal Projects/Cyberpunk_Characters/Content/Cyberpunk_Characters/Female/Textures/ARM_Norm.uasset" 193
"C:/Users/BOMBZ/Documents/Unreal Projects/Cyberpunk_Characters/Content/Cyberpunk_Characters/Female/Textures/ARM_Spec.uasset" 194
"C:/Users/BOMBZ/Documents/Unreal Projects/Cyberpunk_Characters/Content/Cyberpunk_Characters/Female/Textures/ARM_SPwr.uasset" 195
"C:/Users/BOMBZ/Documents/Unreal Projects/Cyberpunk_Characters/Content/Cyberpunk_Characters/Female/Materials/Clothes.uasset" 196
"C:/Users/BOMBZ/Documents/Unreal Projects/Cyberpunk_Characters/Content/Cyberpunk_Characters/Female/Textures/HED_Lashes_Diff.uasset" 197
"C:/Users/BOMBZ/Documents/Unreal Projects/Cyberpunk_Characters/Content/Cyberpunk_Characters/Female/Textures/HED_Norm2.uasset" 198
"C:/Users/BOMBZ/Documents/Unreal Projects/Cyberpunk_Characters/Content/Cyberpunk_Characters/Female/Textures/HED_Opac_M01.uasset" 199
"C:/Users/BOMBZ/Documents/Unreal Projects/Cyberpunk_Characters/Content/Cyberpunk_Characters/Female/Materials/Eye_Line.uasset" 200
"C:/Users/BOMBZ/Documents/Unreal Projects/Cyberpunk_Characters/Content/Cyberpunk_Characters/Female/Textures/EYE_Diff.uasset" 201
"C:/Users/BOMBZ/Documents/Unreal Projects/Cyberpunk_Characters/Content/Cyberpunk_Characters/Female/Textures/Map__7_Normal_Bump.uasset" 202
"C:/Users/BOMBZ/Documents/Unreal Projects/Cyberpunk_Characters/Content/Cyberpunk_Characters/Female/Materials/Eyes.uasset" 203
"C:/Users/BOMBZ/Documents/Unreal Projects/Cyberpunk_Characters/Content/Cyberpunk_Characters/Female/Textures/HED_Diff.uasset" 204
"C:/Users/BOMBZ/Documents/Unreal Projects/Cyberpunk_Characters/Content/Cyberpunk_Characters/Female/Textures/HED_Mask1.uasset" 205
"C:/Users/BOMBZ/Documents/Unreal Projects/Cyberpunk_Characters/Content/Cyberpunk_Characters/Female/Textures/HED_Norm.uasset" 206
"C:/Users/BOMBZ/Documents/Unreal Projects/Cyberpunk_Characters/Content/Cyberpunk_Characters/Female/Materials/Face.uasset" 207
"C:/Users/BOMBZ/Documents/Unreal Projects/Cyberpunk_Characters/Content/Cyberpunk_Characters/Female/Textures/HEDb_Norm.uasset" 208
"C:/Users/BOMBZ/Documents/Unreal Projects/Cyberpunk_Characters/Content/Cyberpunk_Characters/Female/Textures/HGR_Mask.uasset" 209
"C:/Users/BOMBZ/Documents/Unreal Projects/Cyberpunk_Characters/Content/Cyberpunk_Characters/Female/Textures/HGR_Spec.uasset" 210
"C:/Users/BOMBZ/Documents/Unreal Projects/Cyberpunk_Characters/Content/Cyberpunk_Characters/Female/Textures/HGR_SPwr.uasset" 211
"C:/Users/BOMBZ/Documents/Unreal Projects/Cyberpunk_Characters/Content/Cyberpunk_Characters/Female/Textures/HMF_Diff.uasset" 212
"C:/Users/BOMBZ/Documents/Unreal Projects/Cyberpunk_Characters/Content/Cyberpunk_Characters/Female/Materials/Head.uasset" 213
"C:/Users/BOMBZ/Documents/Unreal Projects/Cyberpunk_Characters/Content/Cyberpunk_Characters/Female/Character/Female_PhysicsAsset.uasset" 214
"C:/Users/BOMBZ/Documents/Unreal Projects/Cyberpunk_Characters/Content/Cyberpunk_Characters/Female/Character/Female_Skeleton.uasset" 215
"C:/Users/BOMBZ/Documents/Unreal Projects/Cyberpunk_Characters/Content/Cyberpunk_Characters/Female/Character/Female.uasset" 216
"C:/Users/BOMBZ/Documents/Unreal Projects/Cyberpunk_Characters/Content/Cyberpunk_Characters/Male/Textures/Gear_ao.uasset" 217
"C:/Users/BOMBZ/Documents/Unreal Projects/Cyberpunk_Characters/Content/Cyberpunk_Characters/Male/Textures/Gear_basecolor.uasset" 218
"C:/Users/BOMBZ/Documents/Unreal Projects/Cyberpunk_Characters/Content/Cyberpunk_Characters/Male/Textures/Gear_cavity.uasset" 219
"C:/Users/BOMBZ/Documents/Unreal Projects/Cyberpunk_Characters/Content/Cyberpunk_Characters/Male/Textures/Gear_metallic.uasset" 220
"C:/Users/BOMBZ/Documents/Unreal Projects/Cyberpunk_Characters/Content/Cyberpunk_Characters/Male/Textures/Gear_normal.uasset" 221
"C:/Users/BOMBZ/Documents/Unreal Projects/Cyberpunk_Characters/Content/Cyberpunk_Characters/Male/Textures/Gear_opacity.uasset" 222
"C:/Users/BOMBZ/Documents/Unreal Projects/Cyberpunk_Characters/Content/Cyberpunk_Characters/Male/Textures/Gear_rougness.uasset" 223
"C:/Users/BOMBZ/Documents/Unreal Projects/Cyberpunk_Characters/Content/Cyberpunk_Characters/Male/Materials/Face/Arm_H_J.uasset" 224
"C:/Users/BOMBZ/Documents/Unreal Projects/Cyberpunk_Characters/Content/Cyberpunk_Characters/Male/Textures/Face_ao.uasset" 225
"C:/Users/BOMBZ/Documents/Unreal Projects/Cyberpunk_Characters/Content/Cyberpunk_Characters/Male/Textures/Face_basecolor.uasset" 226
"C:/Users/BOMBZ/Documents/Unreal Projects/Cyberpunk_Characters/Content/Cyberpunk_Characters/Male/Textures/Face_cavity.uasset" 227
"C:/Users/BOMBZ/Documents/Unreal Projects/Cyberpunk_Characters/Content/Cyberpunk_Characters/Male/Textures/Face_metallic.uasset" 228
"C:/Users/BOMBZ/Documents/Unreal Projects/Cyberpunk_Characters/Content/Cyberpunk_Characters/Male/Textures/Face_normal.uasset" 229
"C:/Users/BOMBZ/Documents/Unreal Projects/Cyberpunk_Characters/Content/Cyberpunk_Characters/Male/Textures/Face_rougness.uasset" 230
"C:/Users/BOMBZ/Documents/Unreal Projects/Cyberpunk_Characters/Content/Cyberpunk_Characters/Male/Textures/Face_scattering.uasset" 231
"C:/Users/BOMBZ/Documents/Unreal Projects/Cyberpunk_Characters/Content/Cyberpunk_Characters/Male/Textures/Face_translucency.uasset" 232
"C:/Users/BOMBZ/Documents/Unreal Projects/Cyberpunk_Characters/Content/Cyberpunk_Characters/Male/Materials/Face/Face_Cl_M.uasset" 233
"C:/Users/BOMBZ/Documents/Unreal Projects/Cyberpunk_Characters/Content/Cyberpunk_Characters/Male/Character/Male_1_PhysicsAsset.uasset" 234
"C:/Users/BOMBZ/Documents/Unreal Projects/Cyberpunk_Characters/Content/Cyberpunk_Characters/Male/Character/Male_1_Skeleton.uasset" 235
"C:/Users/BOMBZ/Documents/Unreal Projects/Cyberpunk_Characters/Content/Cyberpunk_Characters/Male/Character/Male_1.uasset" 236
"C:/Users/BOMBZ/Documents/Unreal Projects/Cyberpunk_Characters/Content/Cyberpunk_Characters/Overview.umap" 237
"../../../Engine/Content/Maps/Entry_BuiltData.uasset" 238
"../../../Engine/Content/Maps/Entry.umap" 239
